# JRE version: Java(TM) SE Runtime Environment (8.0_471) (build 1.8.0_471-b09)
# Java VM: Java HotSpot(TM) 64-Bit Server VM (25.471-b09 mixed mode windows-amd64 compressed oops)
Heap:
 PSYoungGen      total 748032K, used 629069K [0x000000076c300000, 0x00000007ac200000, 0x00000007c0000000)
  eden space 625664K, 81% used [0x000000076c300000,0x000000078b22b7b0,0x0000000792600000)
  from space 122368K, 99% used [0x0000000794080000,0x000000079b7a8000,0x000000079b800000)
  to   space 210944K, 0% used [0x000000079f400000,0x000000079f400000,0x00000007ac200000)
 ParOldGen       total 532992K, used 431059K [0x00000006c4800000, 0x00000006e5080000, 0x000000076c300000)
  object space 532992K, 80% used [0x00000006c4800000,0x00000006decf4fc8,0x00000006e5080000)
 Metaspace       used 24874K, capacity 26958K, committed 27008K, reserved 1073152K
  class space    used 2879K, capacity 3697K, committed 3712K, reserved 1048576K
GC Heap History (10 events):
Event: 2702.421 GC heap before
{Heap before GC invocations=27 (full 2):
 PSYoungGen      total 993792K, used 919648K [0x000000076c300000, 0x00000007bad80000, 0x00000007c0000000)
  eden space 774656K, 100% used [0x000000076c300000,0x000000079b780000,0x000000079b780000)
  from space 219136K, 66% used [0x00000007ad780000,0x00000007b6518000,0x00000007bad80000)
  to   space 257024K, 0% used [0x000000079b780000,0x000000079b780000,0x00000007ab280000)
 ParOldGen       total 532992K, used 431035K [0x00000006c4800000, 0x00000006e5080000, 0x000000076c300000)
  object space 532992K, 80% used [0x00000006c4800000,0x00000006deceefc8,0x00000006e5080000)
 Metaspace       used 24770K, capacity 26864K, committed 27008K, reserved 1073152K
  class space    used 2859K, capacity 3661K, committed 3712K, reserved 1048576K
Event: 2702.696 GC heap after
Heap after GC invocations=27 (full 2):
 PSYoungGen      total 874496K, used 132512K [0x000000076c300000, 0x00000007b7e80000, 0x00000007c0000000)
  eden space 741888K, 0% used [0x000000076c300000,0x000000076c300000,0x0000000799780000)
  from space 132608K, 99% used [0x000000079b780000,0x00000007a38e8000,0x00000007a3900000)
  to   space 249344K, 0% used [0x00000007a8b00000,0x00000007a8b00000,0x00000007b7e80000)
 ParOldGen       total 532992K, used 431043K [0x00000006c4800000, 0x00000006e5080000, 0x000000076c300000)
  object space 532992K, 80% used [0x00000006c4800000,0x00000006decf0fc8,0x00000006e5080000)
 Metaspace       used 24770K, capacity 26864K, committed 27008K, reserved 1073152K
  class space    used 2859K, capacity 3661K, committed 3712K, reserved 1048576K
}
Event: 2813.098 GC heap before
{Heap before GC invocations=28 (full 2):
 PSYoungGen      total 874496K, used 874400K [0x000000076c300000, 0x00000007b7e80000, 0x00000007c0000000)
  eden space 741888K, 100% used [0x000000076c300000,0x0000000799780000,0x0000000799780000)
  from space 132608K, 99% used [0x000000079b780000,0x00000007a38e8000,0x00000007a3900000)
  to   space 249344K, 0% used [0x00000007a8b00000,0x00000007a8b00000,0x00000007b7e80000)
 ParOldGen       total 532992K, used 431043K [0x00000006c4800000, 0x00000006e5080000, 0x000000076c300000)
  object space 532992K, 80% used [0x00000006c4800000,0x00000006decf0fc8,0x00000006e5080000)
 Metaspace       used 24777K, capacity 26876K, committed 27008K, reserved 1073152K
  class space    used 2861K, capacity 3665K, committed 3712K, reserved 1048576K
Event: 2813.403 GC heap after
Heap after GC invocations=28 (full 2):
 PSYoungGen      total 906240K, used 122880K [0x000000076c300000, 0x00000007b4a00000, 0x00000007c0000000)
  eden space 710656K, 0% used [0x000000076c300000,0x000000076c300000,0x0000000797900000)
  from space 195584K, 62% used [0x00000007a8b00000,0x00000007b0300000,0x00000007b4a00000)
  to   space 238080K, 0% used [0x0000000797900000,0x0000000797900000,0x00000007a6180000)
 ParOldGen       total 532992K, used 431051K [0x00000006c4800000, 0x00000006e5080000, 0x000000076c300000)
  object space 532992K, 80% used [0x00000006c4800000,0x00000006decf2fc8,0x00000006e5080000)
 Metaspace       used 24777K, capacity 26876K, committed 27008K, reserved 1073152K
  class space    used 2861K, capacity 3665K, committed 3712K, reserved 1048576K
}
Event: 2913.692 GC heap before
{Heap before GC invocations=29 (full 2):
 PSYoungGen      total 906240K, used 833536K [0x000000076c300000, 0x00000007b4a00000, 0x00000007c0000000)
  eden space 710656K, 100% used [0x000000076c300000,0x0000000797900000,0x0000000797900000)
  from space 195584K, 62% used [0x00000007a8b00000,0x00000007b0300000,0x00000007b4a00000)
  to   space 238080K, 0% used [0x0000000797900000,0x0000000797900000,0x00000007a6180000)
 ParOldGen       total 532992K, used 431051K [0x00000006c4800000, 0x00000006e5080000, 0x000000076c300000)
  object space 532992K, 80% used [0x00000006c4800000,0x00000006decf2fc8,0x00000006e5080000)
 Metaspace       used 24789K, capacity 26894K, committed 27008K, reserved 1073152K
  class space    used 2865K, capacity 3674K, committed 3712K, reserved 1048576K
Event: 2913.937 GC heap after
Heap after GC invocations=29 (full 2):
 PSYoungGen      total 793088K, used 112112K [0x000000076c300000, 0x00000007b1700000, 0x00000007c0000000)
  eden space 680960K, 0% used [0x000000076c300000,0x000000076c300000,0x0000000795c00000)
  from space 112128K, 99% used [0x0000000797900000,0x000000079e67c010,0x000000079e680000)
  to   space 226816K, 0% used [0x00000007a3980000,0x00000007a3980000,0x00000007b1700000)
 ParOldGen       total 532992K, used 431051K [0x00000006c4800000, 0x00000006e5080000, 0x000000076c300000)
  object space 532992K, 80% used [0x00000006c4800000,0x00000006decf2fc8,0x00000006e5080000)
 Metaspace       used 24789K, capacity 26894K, committed 27008K, reserved 1073152K
  class space    used 2865K, capacity 3674K, committed 3712K, reserved 1048576K
}
Event: 3003.628 GC heap before
{Heap before GC invocations=30 (full 2):
 PSYoungGen      total 793088K, used 793072K [0x000000076c300000, 0x00000007b1700000, 0x00000007c0000000)
  eden space 680960K, 100% used [0x000000076c300000,0x0000000795c00000,0x0000000795c00000)
  from space 112128K, 99% used [0x0000000797900000,0x000000079e67c010,0x000000079e680000)
  to   space 226816K, 0% used [0x00000007a3980000,0x00000007a3980000,0x00000007b1700000)
 ParOldGen       total 532992K, used 431051K [0x00000006c4800000, 0x00000006e5080000, 0x000000076c300000)
  object space 532992K, 80% used [0x00000006c4800000,0x00000006decf2fc8,0x00000006e5080000)
 Metaspace       used 24812K, capacity 26914K, committed 27008K, reserved 1073152K
  class space    used 2871K, capacity 3684K, committed 3712K, reserved 1048576K
Event: 3003.898 GC heap after
Heap after GC invocations=30 (full 2):
 PSYoungGen      total 836096K, used 101024K [0x000000076c300000, 0x00000007aec80000, 0x00000007c0000000)
  eden space 652800K, 0% used [0x000000076c300000,0x000000076c300000,0x0000000794080000)
  from space 183296K, 55% used [0x00000007a3980000,0x00000007a9c28000,0x00000007aec80000)
  to   space 219136K, 0% used [0x0000000794080000,0x0000000794080000,0x00000007a1680000)
 ParOldGen       total 532992K, used 431059K [0x00000006c4800000, 0x00000006e5080000, 0x000000076c300000)
  object space 532992K, 80% used [0x00000006c4800000,0x00000006decf4fc8,0x00000006e5080000)
 Metaspace       used 24812K, capacity 26914K, committed 27008K, reserved 1073152K
  class space    used 2871K, capacity 3684K, committed 3712K, reserved 1048576K
}
Event: 3115.850 GC heap before
{Heap before GC invocations=31 (full 2):
 PSYoungGen      total 836096K, used 753824K [0x000000076c300000, 0x00000007aec80000, 0x00000007c0000000)
  eden space 652800K, 100% used [0x000000076c300000,0x0000000794080000,0x0000000794080000)
  from space 183296K, 55% used [0x00000007a3980000,0x00000007a9c28000,0x00000007aec80000)
  to   space 219136K, 0% used [0x0000000794080000,0x0000000794080000,0x00000007a1680000)
 ParOldGen       total 532992K, used 431059K [0x00000006c4800000, 0x00000006e5080000, 0x000000076c300000)
  object space 532992K, 80% used [0x00000006c4800000,0x00000006decf4fc8,0x00000006e5080000)
 Metaspace       used 24820K, capacity 26928K, committed 27008K, reserved 1073152K
  class space    used 2872K, capacity 3687K, committed 3712K, reserved 1048576K
Event: 3116.053 GC heap after
Heap after GC invocations=31 (full 2):
 PSYoungGen      total 748032K, used 122016K [0x000000076c300000, 0x00000007ac200000, 0x00000007c0000000)
  eden space 625664K, 0% used [0x000000076c300000,0x000000076c300000,0x0000000792600000)
  from space 122368K, 99% used [0x0000000794080000,0x000000079b7a8000,0x000000079b800000)
  to   space 210944K, 0% used [0x000000079f400000,0x000000079f400000,0x00000007ac200000)
 ParOldGen       total 532992K, used 431059K [0x00000006c4800000, 0x00000006e5080000, 0x000000076c300000)
  object space 532992K, 80% used [0x00000006c4800000,0x00000006decf4fc8,0x00000006e5080000)
 Metaspace       used 24820K, capacity 26928K, committed 27008K, reserved 1073152K
  class space    used 2872K, capacity 3687K, committed 3712K, reserved 1048576K
}

